<?xml version="1.0" encoding="UTF-8"?>
<testng-results ignored="0" total="1" passed="1" failed="0" skipped="0">
  <reporter-output>
  </reporter-output>
  <suite started-at="2024-07-12T16:19:28 IST" name="Default suite" finished-at="2024-07-12T16:19:44 IST" duration-ms="15834">
    <groups>
    </groups>
    <test started-at="2024-07-12T16:19:28 IST" name="Default test" finished-at="2024-07-12T16:19:44 IST" duration-ms="15834">
      <class name="RahulShettyAcademy.ExtentReportProject.ExtentReportDemo">
        <test-method is-config="true" signature="config()[pri:0, instance:RahulShettyAcademy.ExtentReportProject.ExtentReportDemo@1ef3efa8]" started-at="2024-07-12T16:19:28 IST" name="config" finished-at="2024-07-12T16:19:29 IST" duration-ms="324" status="PASS">
          <reporter-output>
          </reporter-output>
        </test-method> <!-- config -->
        <test-method signature="initialDemo()[pri:0, instance:RahulShettyAcademy.ExtentReportProject.ExtentReportDemo@1ef3efa8]" started-at="2024-07-12T16:19:29 IST" name="initialDemo" finished-at="2024-07-12T16:19:44 IST" duration-ms="15458" status="PASS">
          <reporter-output>
          </reporter-output>
        </test-method> <!-- initialDemo -->
      </class> <!-- RahulShettyAcademy.ExtentReportProject.ExtentReportDemo -->
    </test> <!-- Default test -->
  </suite> <!-- Default suite -->
</testng-results>
